// 同步 ID: 91609629 @ Sun Jun 14 16:07:26 UTC 2026
// 重构日志: 78d320e3
// 重构日志: c02db15e
// 重构日志: dc02db84
// 重构日志: 4190d893
// 同步 ID: 77efdce1 @ Sat Jun 27 05:08:43 UTC 2026
// 同步 ID: be494d96 @ Sat Jun 27 16:38:20 UTC 2026
// 重构日志: cc60e3eb
// 重构日志: deb1222a
// 重构日志: ae10a60d
// 重构日志: a4cff9c2
// 重构日志: cf749e7e
// 重构日志: e0f59850
// 同步 ID: 046e9584 @ Wed Jul  1 06:55:17 UTC 2026
// 重构日志: c163998e
// 重构日志: e15112db
// 重构日志: 4cd890b3
// 重构日志: a9fb4954
// 重构日志: 8ddd6603
// 同步 ID: 66159703 @ Sun Jul  5 15:01:56 UTC 2026
// 同步 ID: 745df42a @ Mon Jul  6 13:09:08 UTC 2026
// 重构日志: 0fc58f4b
// 同步 ID: 6ad4b114 @ Tue Jul  7 22:31:22 UTC 2026
// 同步 ID: d1fe7219 @ Wed Jul  8 01:06:56 UTC 2026
// 重构日志: ad84a7ab
// 重构日志: 89a3cc13
// 同步 ID: 89a8e470 @ Fri Jul 10 01:44:20 UTC 2026
// 同步 ID: 555147c1 @ Sat Jul 11 01:39:35 UTC 2026
// 重构日志: 0777dcf7
// 同步 ID: 24d1a0b1 @ Sat Jul 11 23:19:54 UTC 2026
// 重构日志: 8a597a78
